<?xml version="1.0" encoding="UTF-8"?>
<!-- Generated by org.testng.reporters.JUnitReportReporter -->
<testsuite hostname="Kousi_Kousalya" failures="0" tests="1" name="POM_Samples.addcart" time="5.715" errors="0" timestamp="2023-07-15T15:29:56 IST" skipped="0">
  <testcase classname="POM_Samples.addcart" name="cartinfo" time="5.715"/>
</testsuite> <!-- POM_Samples.addcart -->
