<?xml version="1.0" encoding="UTF-8"?>
<!-- Generated by org.testng.reporters.JUnitReportReporter -->
<testsuite hostname="Kousi_Kousalya" failures="0" tests="1" name="TestNg.NewTest" time="0.007" errors="0" timestamp="2023-07-13T18:56:34 IST" skipped="0">
  <testcase classname="TestNg.NewTest" name="SAMPLE" time="0.007"/>
</testsuite> <!-- TestNg.NewTest -->
