<?xml version="1.0" encoding="UTF-8"?>
<!-- Generated by org.testng.reporters.JUnitReportReporter -->
<testsuite hostname="Kousi_Kousalya" failures="0" tests="4" name="TestNg.parallalbrow" time="29.528" errors="0" timestamp="2023-07-13T19:18:46 IST" skipped="0">
  <testcase classname="TestNg.parallalbrow" name="Hardassertion" time="7.250"/>
  <testcase classname="TestNg.parallalbrow" name="opengoogle" time="7.809"/>
  <testcase classname="TestNg.parallalbrow" name="openbing" time="7.249"/>
  <testcase classname="TestNg.parallalbrow" name="softassertion" time="7.220"/>
</testsuite> <!-- TestNg.parallalbrow -->
