<?xml version="1.0" encoding="UTF-8"?>
<!-- Generated by org.testng.reporters.JUnitReportReporter -->
<testsuite hostname="Kousi_Kousalya" failures="0" tests="1" name="Advanced.scrollingPages" time="4.692" errors="0" timestamp="2023-07-18T22:45:08 IST" skipped="0">
  <testcase classname="Advanced.scrollingPages" name="scrolling" time="4.692"/>
</testsuite> <!-- Advanced.scrollingPages -->
