<?xml version="1.0" encoding="UTF-8"?>
<!-- Generated by org.testng.reporters.JUnitReportReporter -->
<testsuite hostname="Kousi_Kousalya" failures="0" tests="3" name="TestNg.openDiffbrowsers" time="9.513" errors="0" timestamp="2023-07-13T08:38:05 IST" skipped="0">
  <testcase classname="TestNg.openDiffbrowsers" name="opengoogle" time="1.274"/>
  <testcase classname="TestNg.openDiffbrowsers" name="openbing" time="0.715"/>
  <testcase classname="TestNg.openDiffbrowsers" name="openyahoo" time="7.524"/>
</testsuite> <!-- TestNg.openDiffbrowsers -->
