<?xml version="1.0" encoding="UTF-8"?>
<!-- Generated by org.testng.reporters.JUnitReportReporter -->
<testsuite hostname="Kousi_Kousalya" failures="0" tests="1" name="POM_Samples.phplog2" time="9.408" errors="0" timestamp="2023-07-15T15:42:50 IST" skipped="0">
  <testcase classname="POM_Samples.phplog2" name="logi" time="9.408"/>
</testsuite> <!-- POM_Samples.phplog2 -->
