<?xml version="1.0" encoding="UTF-8"?>
<!-- Generated by org.testng.reporters.JUnitReportReporter -->
<testsuite hostname="Kousi_Kousalya" failures="0" tests="2" name="TestNg.Groupiing" time="0.008" errors="0" timestamp="2023-07-13T09:01:30 IST" skipped="0">
  <testcase classname="TestNg.Groupiing" name="moto1" time="0.007"/>
  <testcase classname="TestNg.Groupiing" name="moto2" time="0.001"/>
</testsuite> <!-- TestNg.Groupiing -->
