<?xml version="1.0" encoding="UTF-8"?>
<!-- Generated by org.testng.reporters.JUnitReportReporter -->
<testsuite hostname="Kousi_Kousalya" failures="0" tests="1" name="TestNg.excelRead" time="2.290" errors="0" timestamp="2023-07-15T14:15:48 IST" skipped="0">
  <testcase classname="TestNg.excelRead" name="sauce" time="2.290"/>
</testsuite> <!-- TestNg.excelRead -->
