<?xml version="1.0" encoding="UTF-8"?>
<!-- Generated by org.testng.reporters.JUnitReportReporter -->
<testsuite hostname="Kousi_Kousalya" failures="0" tests="1" name="TestNg.paramet" time="6.596" errors="0" timestamp="2023-07-13T13:34:19 IST" skipped="0">
  <testcase classname="TestNg.paramet" name="sauce" time="6.596"/>
</testsuite> <!-- TestNg.paramet -->
