<?xml version="1.0" encoding="UTF-8"?>
<!-- Generated by org.testng.reporters.JUnitReportReporter -->
<testsuite hostname="Kousi_Kousalya" failures="0" tests="6" name="TestNg.orderofAnnotation" time="0.008" errors="0" timestamp="2023-07-13T08:38:05 IST" skipped="0">
  <testcase classname="TestNg.orderofAnnotation" name="puttheKey" time="0.001"/>
  <testcase classname="TestNg.orderofAnnotation" name="startthecar" time="0.000"/>
  <testcase classname="TestNg.orderofAnnotation" name="firstGear" time="0.001"/>
  <testcase classname="TestNg.orderofAnnotation" name="secondgear" time="0.001"/>
  <testcase classname="TestNg.orderofAnnotation" name="musicon" time="0.004"/>
  <testcase classname="TestNg.orderofAnnotation" name="musicfun" time="0.001"/>
</testsuite> <!-- TestNg.orderofAnnotation -->
