<?xml version="1.0" encoding="UTF-8"?>
<!-- Generated by org.testng.reporters.JUnitReportReporter -->
<testsuite hostname="Kousi_Kousalya" failures="0" tests="1" name="TestNg.TestAnnot" time="0.001" errors="0" timestamp="2023-07-13T08:38:05 IST" skipped="0">
  <testcase classname="TestNg.TestAnnot" name="first" time="0.001"/>
</testsuite> <!-- TestNg.TestAnnot -->
