<?xml version="1.0" encoding="UTF-8"?>
<!-- Generated by org.testng.reporters.JUnitReportReporter -->
<testsuite hostname="Kousi_Kousalya" failures="0" tests="1" name="Advanced.mousehovering" time="4.493" errors="0" timestamp="2023-07-18T22:53:44 IST" skipped="0">
  <testcase classname="Advanced.mousehovering" name="scrolling" time="4.493"/>
</testsuite> <!-- Advanced.mousehovering -->
