<?xml version="1.0" encoding="UTF-8"?>
<!-- Generated by org.testng.reporters.JUnitReportReporter -->
<testsuite hostname="Kousi_Kousalya" failures="0" tests="4" name="TestNg.dataaprovid" time="19.454" errors="0" timestamp="2023-07-14T16:30:35 IST" skipped="0">
  <testcase classname="TestNg.dataaprovid" name="sauce" time="6.530"/>
  <testcase classname="TestNg.dataaprovid" name="sauce" time="4.084"/>
  <testcase classname="TestNg.dataaprovid" name="sauce" time="4.337"/>
  <testcase classname="TestNg.dataaprovid" name="sauce" time="4.503"/>
</testsuite> <!-- TestNg.dataaprovid -->
