<?xml version="1.0" encoding="UTF-8"?>
<!-- Generated by org.testng.reporters.JUnitReportReporter -->
<testsuite hostname="Kousi_Kousalya" failures="0" tests="1" name="POM_Samples.phplog" time="9.676" errors="0" timestamp="2023-07-15T15:28:38 IST" skipped="0">
  <testcase classname="POM_Samples.phplog" name="logi" time="9.676"/>
</testsuite> <!-- POM_Samples.phplog -->
