<?xml version="1.0" encoding="UTF-8"?>
<!-- Generated by org.testng.reporters.JUnitReportReporter -->
<testsuite hostname="Kousi_Kousalya" failures="0" tests="1" name="TestNg.Listernerclasses" time="0.009" errors="0" timestamp="2023-07-13T18:59:38 IST" skipped="0">
  <testcase classname="TestNg.Listernerclasses" name="test" time="0.009"/>
</testsuite> <!-- TestNg.Listernerclasses -->
