<?xml version="1.0" encoding="UTF-8"?>
<!-- Generated by org.testng.reporters.JUnitReportReporter -->
<testsuite hostname="Kousi_Kousalya" failures="0" tests="2" name="seleniumTest.OpenGoogle" time="6.831" errors="0" timestamp="2023-07-19T23:41:15 IST" skipped="0">
  <testcase classname="seleniumTest.OpenGoogle" name="opengoogle" time="3.050"/>
  <testcase classname="seleniumTest.OpenGoogle" name="openbing" time="3.781"/>
</testsuite> <!-- seleniumTest.OpenGoogle -->
