<?xml version="1.0" encoding="UTF-8"?>
<!-- Generated by org.testng.reporters.JUnitReportReporter -->
<testsuite hostname="Kousi_Kousalya" failures="0" tests="1" name="OpenBrowser" time="10.420" errors="0" timestamp="2023-07-28T23:23:44 IST" skipped="0">
  <testcase classname="OpenBrowser" name="before" time="10.420"/>
</testsuite> <!-- OpenBrowser -->
