<?xml version="1.0" encoding="UTF-8"?>
<!-- Generated by org.testng.reporters.JUnitReportReporter -->
<testsuite hostname="Kousi_Kousalya" failures="0" tests="1" name="sample.OpenBrowser" time="7.625" errors="0" timestamp="2023-07-27T10:39:10 IST" skipped="0">
  <testcase classname="sample.OpenBrowser" name="openbrowsr" time="7.625"/>
</testsuite> <!-- sample.OpenBrowser -->
